Arguments: 
  C:\Program Files\nodejs\node.exe C:\Users\alexEcole\AppData\Roaming\npm\node_modules\yarn\bin\yarn.js install

PATH: 
  C:\Program Files (x86)\Intel\iCLS Client\;C:\Program Files\Intel\iCLS Client\;C:\Windows\system32;C:\Windows;C:\Windows\System32\Wbem;C:\Windows\System32\WindowsPowerShell\v1.0\;C:\Program Files\Intel\Intel(R) Management Engine Components\DAL;C:\Program Files\Intel\Intel(R) Management Engine Components\IPT;C:\Program Files (x86)\Intel\Intel(R) Management Engine Components\DAL;C:\Program Files (x86)\Intel\Intel(R) Management Engine Components\IPT;C:\Go\bin;C:\Program Files\Git\cmd;C:\Program Files\nodejs\;C:\Python27;C:\Users\alexEcole\AppData\Local\atom\bin;C:\Program Files (x86)\Microsoft VS Code\bin;C:\Users\alexEcole\AppData\Local\.meteor\;C:\Users\alexEcole\AppData\Roaming\npm;C:\Python27\

Yarn version: 
  0.18.1

Node version: 
  6.9.4

Platform: 
  win32 x64

npm manifest: 
  {
    "name": "acquisition-frontend",
    "version": "1.0.0",
    "description": "React app for TSAP-Acquisition",
    "main": "index.js",
    "repository": "git@github.com:TSAP-Laval/acquisition-frontend.git",
    "author": "William Dussault <dalloriam@gmail.com>",
    "license": "MIT",
    "scripts": {
      "test": "echo Not Implemented",
      "start": "react-scripts start",
      "build": "react-scripts build",
      "eject": "react-scripts eject"
    },
    "dependencies": {
  
      "@types/axios": "^0.9.35",
      "@types/flux": "^3.0.0",
      "@types/history": "2.*",
      "@types/node": "^7.0.0",
      "@types/react": "^15.0.0",
      "@types/react-dom": "^0.14.20",
      "@types/react-dropzone": "^0.0.30",
      "@types/react-router": "^2.0.44",
      "@types/videojs": "0.0.31",
      "axios": "^0.15.3",
      "bootstrap": "^3.3.7",
      "bootstrap-sass": "^3.3.7",
      "flux": "^3.1.2",
      "history": "3.*",
      "immutable": "^3.8.1",
      "keymirror": "^0.1.1",
      "react": "^15.4.2",
      "react-dom": "^15.4.2",
      "react-dropzone": "^3.9.0",
      "react-fontawesome": "^1.5.0",
      "react-html5video": "^1.4.0",
      "react-native-uploader": "^0.0.10",
      "react-router": "^3.0.1",
      "react-scripts": "^0.8.5",
      "react-select": "^1.0.0-rc.2",
  
      "video.js": "^5.15.1"
  
    },
    "devDependencies": {
      "autoprefixer": "^6.6.1",
      "awesome-typescript-loader": "^3.0.0-beta.18",
      "css-loader": "^0.26.1",
      "extract-text-webpack-plugin": "^1.0.1",
      "html-webpack-plugin": "^2.26.0",
      "node-sass": "^4.2.0",
      "postcss-loader": "^1.2.2",
      "react-addons-test-utils": "^15.4.2",
      "sass-loader": "^4.1.1",
      "source-map-loader": "^0.1.6",
      "style-loader": "^0.13.1",
      "ts-loader": "^1.3.3",
      "typescript": "^2.1.4",
      "webpack": "^1.14.0"
    }
  }

yarn manifest: 
  No manifest

Lockfile: 
  No lockfile

Trace: 
  Error: EPERM: operation not permitted, unlink 'C:\Users\alexEcole\Desktop\New folder\wtf\node_modules\node-sass\vendor\win32-x64-48\binding.node'
      at Error (native)
